EDA Netlist Writer report for RegisterFile
Mon Jul 18 15:12:37 2022
Quartus Prime Version 18.1.0 Build 625 09/12/2018 SJ Lite Edition


---------------------
; Table of Contents ;
---------------------
  1. Legal Notice
  2. EDA Netlist Writer Summary
  3. Simulation Settings
  4. Simulation Generated Files
  5. EDA Netlist Writer Messages



----------------
; Legal Notice ;
----------------
Copyright (C) 2018  Intel Corporation. All rights reserved.
Your use of Intel Corporation's design tools, logic functions 
and other software and tools, and its AMPP partner logic 
functions, and any output files from any of the foregoing 
(including device programming or simulation files), and any 
associated documentation or information are expressly subject 
to the terms and conditions of the Intel Program License 
Subscription Agreement, the Intel Quartus Prime License Agreement,
the Intel FPGA IP License Agreement, or other applicable license
agreement, including, without limitation, that your use is for
the sole purpose of programming logic devices manufactured by
Intel and sold by Intel or its authorized distributors.  Please
refer to the applicable agreement for further details.



+-------------------------------------------------------------------+
; EDA Netlist Writer Summary                                        ;
+---------------------------+---------------------------------------+
; EDA Netlist Writer Status ; Successful - Mon Jul 18 15:12:37 2022 ;
; Revision Name             ; RegisterFile                          ;
; Top-level Entity Name     ; registerfile                          ;
; Family                    ; Cyclone IV GX                         ;
; Simulation Files Creation ; Successful                            ;
+---------------------------+---------------------------------------+


+-------------------------------------------------------------------------------------------------------------------------------+
; Simulation Settings                                                                                                           ;
+---------------------------------------------------------------------------------------------------+---------------------------+
; Option                                                                                            ; Setting                   ;
+---------------------------------------------------------------------------------------------------+---------------------------+
; Tool Name                                                                                         ; ModelSim-Altera (Verilog) ;
; Generate functional simulation netlist                                                            ; Off                       ;
; Time scale                                                                                        ; 1 ps                      ;
; Truncate long hierarchy paths                                                                     ; Off                       ;
; Map illegal HDL characters                                                                        ; Off                       ;
; Flatten buses into individual nodes                                                               ; Off                       ;
; Maintain hierarchy                                                                                ; Off                       ;
; Bring out device-wide set/reset signals as ports                                                  ; Off                       ;
; Enable glitch filtering                                                                           ; Off                       ;
; Do not write top level VHDL entity                                                                ; Off                       ;
; Disable detection of setup and hold time violations in the input registers of bi-directional pins ; Off                       ;
; Architecture name in VHDL output netlist                                                          ; structure                 ;
; Generate third-party EDA tool command script for RTL functional simulation                        ; Off                       ;
; Generate third-party EDA tool command script for gate-level simulation                            ; Off                       ;
+---------------------------------------------------------------------------------------------------+---------------------------+


+-------------------------------------------------------------------------------------------------------------------------------+
; Simulation Generated Files                                                                                                    ;
+-------------------------------------------------------------------------------------------------------------------------------+
; Generated Files                                                                                                               ;
+-------------------------------------------------------------------------------------------------------------------------------+
; D:/QuartusLite/Projeto de Sistemas Digitais/MIPS_CPU/RegisterFile/simulation/modelsim/RegisterFile_7_1200mv_100c_slow.vo      ;
; D:/QuartusLite/Projeto de Sistemas Digitais/MIPS_CPU/RegisterFile/simulation/modelsim/RegisterFile_7_1200mv_-40c_slow.vo      ;
; D:/QuartusLite/Projeto de Sistemas Digitais/MIPS_CPU/RegisterFile/simulation/modelsim/RegisterFile_min_1200mv_-40c_fast.vo    ;
; D:/QuartusLite/Projeto de Sistemas Digitais/MIPS_CPU/RegisterFile/simulation/modelsim/RegisterFile.vo                         ;
; D:/QuartusLite/Projeto de Sistemas Digitais/MIPS_CPU/RegisterFile/simulation/modelsim/RegisterFile_7_1200mv_100c_v_slow.sdo   ;
; D:/QuartusLite/Projeto de Sistemas Digitais/MIPS_CPU/RegisterFile/simulation/modelsim/RegisterFile_7_1200mv_-40c_v_slow.sdo   ;
; D:/QuartusLite/Projeto de Sistemas Digitais/MIPS_CPU/RegisterFile/simulation/modelsim/RegisterFile_min_1200mv_-40c_v_fast.sdo ;
; D:/QuartusLite/Projeto de Sistemas Digitais/MIPS_CPU/RegisterFile/simulation/modelsim/RegisterFile_v.sdo                      ;
+-------------------------------------------------------------------------------------------------------------------------------+


+-----------------------------+
; EDA Netlist Writer Messages ;
+-----------------------------+
Info: *******************************************************************
Info: Running Quartus Prime EDA Netlist Writer
    Info: Version 18.1.0 Build 625 09/12/2018 SJ Lite Edition
    Info: Processing started: Mon Jul 18 15:12:35 2022
Info: Command: quartus_eda --read_settings_files=off --write_settings_files=off RegisterFile -c RegisterFile
Warning (18236): Number of processors has not been specified which may cause overloading on shared machines.  Set the global assignment NUM_PARALLEL_PROCESSORS in your QSF to an appropriate value for best performance.
Info (204019): Generated file RegisterFile_7_1200mv_100c_slow.vo in folder "D:/QuartusLite/Projeto de Sistemas Digitais/MIPS_CPU/RegisterFile/simulation/modelsim/" for EDA simulation tool
Info (204019): Generated file RegisterFile_7_1200mv_-40c_slow.vo in folder "D:/QuartusLite/Projeto de Sistemas Digitais/MIPS_CPU/RegisterFile/simulation/modelsim/" for EDA simulation tool
Info (204019): Generated file RegisterFile_min_1200mv_-40c_fast.vo in folder "D:/QuartusLite/Projeto de Sistemas Digitais/MIPS_CPU/RegisterFile/simulation/modelsim/" for EDA simulation tool
Info (204019): Generated file RegisterFile.vo in folder "D:/QuartusLite/Projeto de Sistemas Digitais/MIPS_CPU/RegisterFile/simulation/modelsim/" for EDA simulation tool
Info (204019): Generated file RegisterFile_7_1200mv_100c_v_slow.sdo in folder "D:/QuartusLite/Projeto de Sistemas Digitais/MIPS_CPU/RegisterFile/simulation/modelsim/" for EDA simulation tool
Info (204019): Generated file RegisterFile_7_1200mv_-40c_v_slow.sdo in folder "D:/QuartusLite/Projeto de Sistemas Digitais/MIPS_CPU/RegisterFile/simulation/modelsim/" for EDA simulation tool
Info (204019): Generated file RegisterFile_min_1200mv_-40c_v_fast.sdo in folder "D:/QuartusLite/Projeto de Sistemas Digitais/MIPS_CPU/RegisterFile/simulation/modelsim/" for EDA simulation tool
Info (204019): Generated file RegisterFile_v.sdo in folder "D:/QuartusLite/Projeto de Sistemas Digitais/MIPS_CPU/RegisterFile/simulation/modelsim/" for EDA simulation tool
Info: Quartus Prime EDA Netlist Writer was successful. 0 errors, 1 warning
    Info: Peak virtual memory: 4733 megabytes
    Info: Processing ended: Mon Jul 18 15:12:37 2022
    Info: Elapsed time: 00:00:02
    Info: Total CPU time (on all processors): 00:00:02


