Analysis & Synthesis report for datamemory
Tue Jul 19 04:37:49 2022
Quartus Prime Version 18.1.0 Build 625 09/12/2018 SJ Lite Edition


---------------------
; Table of Contents ;
---------------------
  1. Legal Notice
  2. Analysis & Synthesis Summary
  3. Analysis & Synthesis Settings
  4. Parallel Compilation
  5. Analysis & Synthesis Source Files Read
  6. Analysis & Synthesis Resource Usage Summary
  7. Analysis & Synthesis Resource Utilization by Entity
  8. Analysis & Synthesis RAM Summary
  9. General Register Statistics
 10. Inverted Register Statistics
 11. Registers Packed Into Inferred Megafunctions
 12. Source assignments for altsyncram:MemoryRam_rtl_0|altsyncram_ps91:auto_generated
 13. Parameter Settings for Inferred Entity Instance: altsyncram:MemoryRam_rtl_0
 14. altsyncram Parameter Settings by Entity Instance
 15. Post-Synthesis Netlist Statistics for Top Partition
 16. Elapsed Time Per Partition
 17. Analysis & Synthesis Messages



----------------
; Legal Notice ;
----------------
Copyright (C) 2018  Intel Corporation. All rights reserved.
Your use of Intel Corporation's design tools, logic functions 
and other software and tools, and its AMPP partner logic 
functions, and any output files from any of the foregoing 
(including device programming or simulation files), and any 
associated documentation or information are expressly subject 
to the terms and conditions of the Intel Program License 
Subscription Agreement, the Intel Quartus Prime License Agreement,
the Intel FPGA IP License Agreement, or other applicable license
agreement, including, without limitation, that your use is for
the sole purpose of programming logic devices manufactured by
Intel and sold by Intel or its authorized distributors.  Please
refer to the applicable agreement for further details.



+----------------------------------------------------------------------------------+
; Analysis & Synthesis Summary                                                     ;
+------------------------------------+---------------------------------------------+
; Analysis & Synthesis Status        ; Successful - Tue Jul 19 04:37:49 2022       ;
; Quartus Prime Version              ; 18.1.0 Build 625 09/12/2018 SJ Lite Edition ;
; Revision Name                      ; datamemory                                  ;
; Top-level Entity Name              ; datamemory                                  ;
; Family                             ; Cyclone IV GX                               ;
; Total logic elements               ; 70                                          ;
;     Total combinational functions  ; 44                                          ;
;     Dedicated logic registers      ; 33                                          ;
; Total registers                    ; 33                                          ;
; Total pins                         ; 77                                          ;
; Total virtual pins                 ; 0                                           ;
; Total memory bits                  ; 32,768                                      ;
; Embedded Multiplier 9-bit elements ; 0                                           ;
; Total GXB Receiver Channel PCS     ; 0                                           ;
; Total GXB Receiver Channel PMA     ; 0                                           ;
; Total GXB Transmitter Channel PCS  ; 0                                           ;
; Total GXB Transmitter Channel PMA  ; 0                                           ;
; Total PLLs                         ; 0                                           ;
+------------------------------------+---------------------------------------------+


+------------------------------------------------------------------------------------------------------------+
; Analysis & Synthesis Settings                                                                              ;
+------------------------------------------------------------------+--------------------+--------------------+
; Option                                                           ; Setting            ; Default Value      ;
+------------------------------------------------------------------+--------------------+--------------------+
; Device                                                           ; EP4CGX150DF31I7AD  ;                    ;
; Top-level entity name                                            ; datamemory         ; datamemory         ;
; Family name                                                      ; Cyclone IV GX      ; Cyclone V          ;
; Use smart compilation                                            ; Off                ; Off                ;
; Enable parallel Assembler and Timing Analyzer during compilation ; On                 ; On                 ;
; Enable compact report table                                      ; Off                ; Off                ;
; Restructure Multiplexers                                         ; Auto               ; Auto               ;
; Create Debugging Nodes for IP Cores                              ; Off                ; Off                ;
; Preserve fewer node names                                        ; On                 ; On                 ;
; Intel FPGA IP Evaluation Mode                                    ; Enable             ; Enable             ;
; Verilog Version                                                  ; Verilog_2001       ; Verilog_2001       ;
; VHDL Version                                                     ; VHDL_1993          ; VHDL_1993          ;
; State Machine Processing                                         ; Auto               ; Auto               ;
; Safe State Machine                                               ; Off                ; Off                ;
; Extract Verilog State Machines                                   ; On                 ; On                 ;
; Extract VHDL State Machines                                      ; On                 ; On                 ;
; Ignore Verilog initial constructs                                ; Off                ; Off                ;
; Iteration limit for constant Verilog loops                       ; 5000               ; 5000               ;
; Iteration limit for non-constant Verilog loops                   ; 250                ; 250                ;
; Add Pass-Through Logic to Inferred RAMs                          ; On                 ; On                 ;
; Infer RAMs from Raw Logic                                        ; On                 ; On                 ;
; Parallel Synthesis                                               ; On                 ; On                 ;
; DSP Block Balancing                                              ; Auto               ; Auto               ;
; NOT Gate Push-Back                                               ; On                 ; On                 ;
; Power-Up Don't Care                                              ; On                 ; On                 ;
; Remove Redundant Logic Cells                                     ; Off                ; Off                ;
; Remove Duplicate Registers                                       ; On                 ; On                 ;
; Ignore CARRY Buffers                                             ; Off                ; Off                ;
; Ignore CASCADE Buffers                                           ; Off                ; Off                ;
; Ignore GLOBAL Buffers                                            ; Off                ; Off                ;
; Ignore ROW GLOBAL Buffers                                        ; Off                ; Off                ;
; Ignore LCELL Buffers                                             ; Off                ; Off                ;
; Ignore SOFT Buffers                                              ; On                 ; On                 ;
; Limit AHDL Integers to 32 Bits                                   ; Off                ; Off                ;
; Optimization Technique                                           ; Balanced           ; Balanced           ;
; Carry Chain Length                                               ; 70                 ; 70                 ;
; Auto Carry Chains                                                ; On                 ; On                 ;
; Auto Open-Drain Pins                                             ; On                 ; On                 ;
; Perform WYSIWYG Primitive Resynthesis                            ; Off                ; Off                ;
; Auto ROM Replacement                                             ; On                 ; On                 ;
; Auto RAM Replacement                                             ; On                 ; On                 ;
; Auto DSP Block Replacement                                       ; On                 ; On                 ;
; Auto Shift Register Replacement                                  ; Auto               ; Auto               ;
; Allow Shift Register Merging across Hierarchies                  ; Auto               ; Auto               ;
; Auto Clock Enable Replacement                                    ; On                 ; On                 ;
; Strict RAM Replacement                                           ; Off                ; Off                ;
; Allow Synchronous Control Signals                                ; On                 ; On                 ;
; Force Use of Synchronous Clear Signals                           ; Off                ; Off                ;
; Auto RAM Block Balancing                                         ; On                 ; On                 ;
; Auto RAM to Logic Cell Conversion                                ; Off                ; Off                ;
; Auto Resource Sharing                                            ; Off                ; Off                ;
; Allow Any RAM Size For Recognition                               ; Off                ; Off                ;
; Allow Any ROM Size For Recognition                               ; Off                ; Off                ;
; Allow Any Shift Register Size For Recognition                    ; Off                ; Off                ;
; Use LogicLock Constraints during Resource Balancing              ; On                 ; On                 ;
; Ignore translate_off and synthesis_off directives                ; Off                ; Off                ;
; Timing-Driven Synthesis                                          ; On                 ; On                 ;
; Report Parameter Settings                                        ; On                 ; On                 ;
; Report Source Assignments                                        ; On                 ; On                 ;
; Report Connectivity Checks                                       ; On                 ; On                 ;
; Ignore Maximum Fan-Out Assignments                               ; Off                ; Off                ;
; Synchronization Register Chain Length                            ; 2                  ; 2                  ;
; Power Optimization During Synthesis                              ; Normal compilation ; Normal compilation ;
; HDL message level                                                ; Level2             ; Level2             ;
; Suppress Register Optimization Related Messages                  ; Off                ; Off                ;
; Number of Removed Registers Reported in Synthesis Report         ; 5000               ; 5000               ;
; Number of Swept Nodes Reported in Synthesis Report               ; 5000               ; 5000               ;
; Number of Inverted Registers Reported in Synthesis Report        ; 100                ; 100                ;
; Clock MUX Protection                                             ; On                 ; On                 ;
; Auto Gated Clock Conversion                                      ; Off                ; Off                ;
; Block Design Naming                                              ; Auto               ; Auto               ;
; SDC constraint protection                                        ; Off                ; Off                ;
; Synthesis Effort                                                 ; Auto               ; Auto               ;
; Shift Register Replacement - Allow Asynchronous Clear Signal     ; On                 ; On                 ;
; Pre-Mapping Resynthesis Optimization                             ; Off                ; Off                ;
; Analysis & Synthesis Message Level                               ; Medium             ; Medium             ;
; Disable Register Merging Across Hierarchies                      ; Auto               ; Auto               ;
; Resource Aware Inference For Block RAM                           ; On                 ; On                 ;
+------------------------------------------------------------------+--------------------+--------------------+


+------------------------------------------+
; Parallel Compilation                     ;
+----------------------------+-------------+
; Processors                 ; Number      ;
+----------------------------+-------------+
; Number detected on machine ; 4           ;
; Maximum allowed            ; 2           ;
;                            ;             ;
; Average used               ; 1.00        ;
; Maximum used               ; 1           ;
;                            ;             ;
; Usage by Processor         ; % Time Used ;
;     Processor 1            ; 100.0%      ;
+----------------------------+-------------+


+------------------------------------------------------------------------------------------------------------------------------------------------------------------------------------------------------------------------------+
; Analysis & Synthesis Source Files Read                                                                                                                                                                                       ;
+------------------------------------------------+-----------------+-------------------------------------------------------+-----------------------------------------------------------------------------------------+---------+
; File Name with User-Entered Path               ; Used in Netlist ; File Type                                             ; File Name with Absolute Path                                                            ; Library ;
+------------------------------------------------+-----------------+-------------------------------------------------------+-----------------------------------------------------------------------------------------+---------+
; datamemory.v                                   ; yes             ; User Verilog HDL File                                 ; D:/MIPS/Arquitetura-Mips/MIPS/DataMemory/datamemory.v                                   ;         ;
; altsyncram.tdf                                 ; yes             ; Megafunction                                          ; c:/intelfpga_lite/18.1/quartus/libraries/megafunctions/altsyncram.tdf                   ;         ;
; stratix_ram_block.inc                          ; yes             ; Megafunction                                          ; c:/intelfpga_lite/18.1/quartus/libraries/megafunctions/stratix_ram_block.inc            ;         ;
; lpm_mux.inc                                    ; yes             ; Megafunction                                          ; c:/intelfpga_lite/18.1/quartus/libraries/megafunctions/lpm_mux.inc                      ;         ;
; lpm_decode.inc                                 ; yes             ; Megafunction                                          ; c:/intelfpga_lite/18.1/quartus/libraries/megafunctions/lpm_decode.inc                   ;         ;
; aglobal181.inc                                 ; yes             ; Megafunction                                          ; c:/intelfpga_lite/18.1/quartus/libraries/megafunctions/aglobal181.inc                   ;         ;
; a_rdenreg.inc                                  ; yes             ; Megafunction                                          ; c:/intelfpga_lite/18.1/quartus/libraries/megafunctions/a_rdenreg.inc                    ;         ;
; altrom.inc                                     ; yes             ; Megafunction                                          ; c:/intelfpga_lite/18.1/quartus/libraries/megafunctions/altrom.inc                       ;         ;
; altram.inc                                     ; yes             ; Megafunction                                          ; c:/intelfpga_lite/18.1/quartus/libraries/megafunctions/altram.inc                       ;         ;
; altdpram.inc                                   ; yes             ; Megafunction                                          ; c:/intelfpga_lite/18.1/quartus/libraries/megafunctions/altdpram.inc                     ;         ;
; db/altsyncram_ps91.tdf                         ; yes             ; Auto-Generated Megafunction                           ; D:/MIPS/Arquitetura-Mips/MIPS/DataMemory/db/altsyncram_ps91.tdf                         ;         ;
; db/datamemory.ram0_datamemory_1d545f57.hdl.mif ; yes             ; Auto-Generated Auto-Found Memory Initialization File  ; D:/MIPS/Arquitetura-Mips/MIPS/DataMemory/db/datamemory.ram0_datamemory_1d545f57.hdl.mif ;         ;
+------------------------------------------------+-----------------+-------------------------------------------------------+-----------------------------------------------------------------------------------------+---------+


+---------------------------------------------+
; Analysis & Synthesis Resource Usage Summary ;
+--------------------------+------------------+
; Resource                 ; Usage            ;
+--------------------------+------------------+
; I/O pins                 ; 77               ;
; Total memory bits        ; 32768            ;
;                          ;                  ;
; DSP block 9-bit elements ; 0                ;
;                          ;                  ;
; Maximum fan-out node     ; Clk~input        ;
; Maximum fan-out          ; 65               ;
; Total fan-out            ; 743              ;
; Average fan-out          ; 2.83             ;
+--------------------------+------------------+


+----------------------------------------------------------------------------------------------------------------------------------------------------------------------------------------------------------------------------------------------------------------------------------------+
; Analysis & Synthesis Resource Utilization by Entity                                                                                                                                                                                                                                    ;
+----------------------------------------+---------------------+---------------------------+-------------+--------------+---------+-----------+-----------+------+--------------+-----------------------------------------------------------------------+-----------------+--------------+
; Compilation Hierarchy Node             ; Combinational ALUTs ; Dedicated Logic Registers ; Memory Bits ; DSP Elements ; DSP 9x9 ; DSP 18x18 ; DSP 36x36 ; Pins ; Virtual Pins ; Full Hierarchy Name                                                   ; Entity Name     ; Library Name ;
+----------------------------------------+---------------------+---------------------------+-------------+--------------+---------+-----------+-----------+------+--------------+-----------------------------------------------------------------------+-----------------+--------------+
; |datamemory                            ; 44 (44)             ; 33 (33)                   ; 32768       ; 0            ; 0       ; 0         ; 0         ; 77   ; 0            ; |datamemory                                                           ; datamemory      ; work         ;
;    |altsyncram:MemoryRam_rtl_0|        ; 0 (0)               ; 0 (0)                     ; 32768       ; 0            ; 0       ; 0         ; 0         ; 0    ; 0            ; |datamemory|altsyncram:MemoryRam_rtl_0                                ; altsyncram      ; work         ;
;       |altsyncram_ps91:auto_generated| ; 0 (0)               ; 0 (0)                     ; 32768       ; 0            ; 0       ; 0         ; 0         ; 0    ; 0            ; |datamemory|altsyncram:MemoryRam_rtl_0|altsyncram_ps91:auto_generated ; altsyncram_ps91 ; work         ;
+----------------------------------------+---------------------+---------------------------+-------------+--------------+---------+-----------+-----------+------+--------------+-----------------------------------------------------------------------+-----------------+--------------+
Note: For table entries with two numbers listed, the numbers in parentheses indicate the number of resources of the given type used by the specific entity alone. The numbers listed outside of parentheses indicate the total resources of the given type used by the specific entity and all of its sub-entities in the hierarchy.


+----------------------------------------------------------------------------------------------------------------------------------------------------------------------------------------------------------------+
; Analysis & Synthesis RAM Summary                                                                                                                                                                               ;
+----------------------------------------------------------------------+------+-------------+--------------+--------------+--------------+--------------+-------+------------------------------------------------+
; Name                                                                 ; Type ; Mode        ; Port A Depth ; Port A Width ; Port B Depth ; Port B Width ; Size  ; MIF                                            ;
+----------------------------------------------------------------------+------+-------------+--------------+--------------+--------------+--------------+-------+------------------------------------------------+
; altsyncram:MemoryRam_rtl_0|altsyncram_ps91:auto_generated|ALTSYNCRAM ; AUTO ; Single Port ; 1024         ; 32           ; --           ; --           ; 32768 ; db/datamemory.ram0_datamemory_1d545f57.hdl.mif ;
+----------------------------------------------------------------------+------+-------------+--------------+--------------+--------------+--------------+-------+------------------------------------------------+


+------------------------------------------------------+
; General Register Statistics                          ;
+----------------------------------------------+-------+
; Statistic                                    ; Value ;
+----------------------------------------------+-------+
; Total registers                              ; 33    ;
; Number of registers using Synchronous Clear  ; 0     ;
; Number of registers using Synchronous Load   ; 0     ;
; Number of registers using Asynchronous Clear ; 1     ;
; Number of registers using Asynchronous Load  ; 0     ;
; Number of registers using Clock Enable       ; 32    ;
; Number of registers using Preset             ; 0     ;
+----------------------------------------------+-------+


+--------------------------------------------------+
; Inverted Register Statistics                     ;
+----------------------------------------+---------+
; Inverted Register                      ; Fan out ;
+----------------------------------------+---------+
; MemoryRam~1                            ; 1       ;
; MemoryRam~5                            ; 1       ;
; MemoryRam~7                            ; 1       ;
; MemoryRam~8                            ; 1       ;
; MemoryRam~9                            ; 1       ;
; MemoryRam~10                           ; 1       ;
; MemoryRam~11                           ; 1       ;
; Total number of inverted registers = 7 ;         ;
+----------------------------------------+---------+


+----------------------------------------------+
; Registers Packed Into Inferred Megafunctions ;
+---------------+-----------------+------------+
; Register Name ; Megafunction    ; Type       ;
+---------------+-----------------+------------+
; AddrReg[0..9] ; MemoryRam_rtl_0 ; RAM        ;
+---------------+-----------------+------------+


+----------------------------------------------------------------------------------+
; Source assignments for altsyncram:MemoryRam_rtl_0|altsyncram_ps91:auto_generated ;
+---------------------------------+--------------------+------+--------------------+
; Assignment                      ; Value              ; From ; To                 ;
+---------------------------------+--------------------+------+--------------------+
; OPTIMIZE_POWER_DURING_SYNTHESIS ; NORMAL_COMPILATION ; -    ; -                  ;
+---------------------------------+--------------------+------+--------------------+


+------------------------------------------------------------------------------------------------------+
; Parameter Settings for Inferred Entity Instance: altsyncram:MemoryRam_rtl_0                          ;
+------------------------------------+------------------------------------------------+----------------+
; Parameter Name                     ; Value                                          ; Type           ;
+------------------------------------+------------------------------------------------+----------------+
; BYTE_SIZE_BLOCK                    ; 8                                              ; Untyped        ;
; AUTO_CARRY_CHAINS                  ; ON                                             ; AUTO_CARRY     ;
; IGNORE_CARRY_BUFFERS               ; OFF                                            ; IGNORE_CARRY   ;
; AUTO_CASCADE_CHAINS                ; ON                                             ; AUTO_CASCADE   ;
; IGNORE_CASCADE_BUFFERS             ; OFF                                            ; IGNORE_CASCADE ;
; WIDTH_BYTEENA                      ; 1                                              ; Untyped        ;
; OPERATION_MODE                     ; SINGLE_PORT                                    ; Untyped        ;
; WIDTH_A                            ; 32                                             ; Untyped        ;
; WIDTHAD_A                          ; 10                                             ; Untyped        ;
; NUMWORDS_A                         ; 1024                                           ; Untyped        ;
; OUTDATA_REG_A                      ; UNREGISTERED                                   ; Untyped        ;
; ADDRESS_ACLR_A                     ; NONE                                           ; Untyped        ;
; OUTDATA_ACLR_A                     ; NONE                                           ; Untyped        ;
; WRCONTROL_ACLR_A                   ; NONE                                           ; Untyped        ;
; INDATA_ACLR_A                      ; NONE                                           ; Untyped        ;
; BYTEENA_ACLR_A                     ; NONE                                           ; Untyped        ;
; WIDTH_B                            ; 1                                              ; Untyped        ;
; WIDTHAD_B                          ; 1                                              ; Untyped        ;
; NUMWORDS_B                         ; 1                                              ; Untyped        ;
; INDATA_REG_B                       ; CLOCK1                                         ; Untyped        ;
; WRCONTROL_WRADDRESS_REG_B          ; CLOCK1                                         ; Untyped        ;
; RDCONTROL_REG_B                    ; CLOCK1                                         ; Untyped        ;
; ADDRESS_REG_B                      ; CLOCK1                                         ; Untyped        ;
; OUTDATA_REG_B                      ; UNREGISTERED                                   ; Untyped        ;
; BYTEENA_REG_B                      ; CLOCK1                                         ; Untyped        ;
; INDATA_ACLR_B                      ; NONE                                           ; Untyped        ;
; WRCONTROL_ACLR_B                   ; NONE                                           ; Untyped        ;
; ADDRESS_ACLR_B                     ; NONE                                           ; Untyped        ;
; OUTDATA_ACLR_B                     ; NONE                                           ; Untyped        ;
; RDCONTROL_ACLR_B                   ; NONE                                           ; Untyped        ;
; BYTEENA_ACLR_B                     ; NONE                                           ; Untyped        ;
; WIDTH_BYTEENA_A                    ; 1                                              ; Untyped        ;
; WIDTH_BYTEENA_B                    ; 1                                              ; Untyped        ;
; RAM_BLOCK_TYPE                     ; AUTO                                           ; Untyped        ;
; BYTE_SIZE                          ; 8                                              ; Untyped        ;
; READ_DURING_WRITE_MODE_MIXED_PORTS ; DONT_CARE                                      ; Untyped        ;
; READ_DURING_WRITE_MODE_PORT_A      ; NEW_DATA_NO_NBE_READ                           ; Untyped        ;
; READ_DURING_WRITE_MODE_PORT_B      ; NEW_DATA_NO_NBE_READ                           ; Untyped        ;
; INIT_FILE                          ; db/datamemory.ram0_datamemory_1d545f57.hdl.mif ; Untyped        ;
; INIT_FILE_LAYOUT                   ; PORT_A                                         ; Untyped        ;
; MAXIMUM_DEPTH                      ; 0                                              ; Untyped        ;
; CLOCK_ENABLE_INPUT_A               ; NORMAL                                         ; Untyped        ;
; CLOCK_ENABLE_INPUT_B               ; NORMAL                                         ; Untyped        ;
; CLOCK_ENABLE_OUTPUT_A              ; NORMAL                                         ; Untyped        ;
; CLOCK_ENABLE_OUTPUT_B              ; NORMAL                                         ; Untyped        ;
; CLOCK_ENABLE_CORE_A                ; USE_INPUT_CLKEN                                ; Untyped        ;
; CLOCK_ENABLE_CORE_B                ; USE_INPUT_CLKEN                                ; Untyped        ;
; ENABLE_ECC                         ; FALSE                                          ; Untyped        ;
; ECC_PIPELINE_STAGE_ENABLED         ; FALSE                                          ; Untyped        ;
; WIDTH_ECCSTATUS                    ; 3                                              ; Untyped        ;
; DEVICE_FAMILY                      ; Cyclone IV GX                                  ; Untyped        ;
; CBXI_PARAMETER                     ; altsyncram_ps91                                ; Untyped        ;
+------------------------------------+------------------------------------------------+----------------+
Note: In order to hide this table in the UI and the text report file, please set the "Show Parameter Settings in Synthesis Report" option in "Analysis and Synthesis Settings -> More Settings" to "Off".


+------------------------------------------------------------------------+
; altsyncram Parameter Settings by Entity Instance                       ;
+-------------------------------------------+----------------------------+
; Name                                      ; Value                      ;
+-------------------------------------------+----------------------------+
; Number of entity instances                ; 1                          ;
; Entity Instance                           ; altsyncram:MemoryRam_rtl_0 ;
;     -- OPERATION_MODE                     ; SINGLE_PORT                ;
;     -- WIDTH_A                            ; 32                         ;
;     -- NUMWORDS_A                         ; 1024                       ;
;     -- OUTDATA_REG_A                      ; UNREGISTERED               ;
;     -- WIDTH_B                            ; 1                          ;
;     -- NUMWORDS_B                         ; 1                          ;
;     -- ADDRESS_REG_B                      ; CLOCK1                     ;
;     -- OUTDATA_REG_B                      ; UNREGISTERED               ;
;     -- RAM_BLOCK_TYPE                     ; AUTO                       ;
;     -- READ_DURING_WRITE_MODE_MIXED_PORTS ; DONT_CARE                  ;
+-------------------------------------------+----------------------------+


+-----------------------------------------------------+
; Post-Synthesis Netlist Statistics for Top Partition ;
+-----------------------+-----------------------------+
; Type                  ; Count                       ;
+-----------------------+-----------------------------+
; boundary_port         ; 77                          ;
; cycloneiii_ff         ; 33                          ;
;     CLR               ; 1                           ;
;     ENA               ; 32                          ;
; cycloneiii_lcell_comb ; 44                          ;
;     normal            ; 44                          ;
;         1 data inputs ; 7                           ;
;         2 data inputs ; 1                           ;
;         3 data inputs ; 33                          ;
;         4 data inputs ; 3                           ;
; cycloneiii_ram_block  ; 32                          ;
;                       ;                             ;
; Max LUT depth         ; 2.00                        ;
; Average LUT depth     ; 0.94                        ;
+-----------------------+-----------------------------+


+-------------------------------+
; Elapsed Time Per Partition    ;
+----------------+--------------+
; Partition Name ; Elapsed Time ;
+----------------+--------------+
; Top            ; 00:00:02     ;
+----------------+--------------+


+-------------------------------+
; Analysis & Synthesis Messages ;
+-------------------------------+
Info: *******************************************************************
Info: Running Quartus Prime Analysis & Synthesis
    Info: Version 18.1.0 Build 625 09/12/2018 SJ Lite Edition
    Info: Processing started: Tue Jul 19 04:37:09 2022
Info: Command: quartus_map --read_settings_files=on --write_settings_files=off datamemory -c datamemory
Warning (18236): Number of processors has not been specified which may cause overloading on shared machines.  Set the global assignment NUM_PARALLEL_PROCESSORS in your QSF to an appropriate value for best performance.
Info (20030): Parallel compilation is enabled and will use 2 of the 2 processors detected
Info (12021): Found 1 design units, including 1 entities, in source file datamemory.v
    Info (12023): Found entity 1: datamemory File: D:/MIPS/Arquitetura-Mips/MIPS/DataMemory/datamemory.v Line: 1
Info (12021): Found 1 design units, including 1 entities, in source file datamemory_tb.v
    Info (12023): Found entity 1: datamemory_TB File: D:/MIPS/Arquitetura-Mips/MIPS/DataMemory/datamemory_TB.v Line: 2
Info (12127): Elaborating entity "datamemory" for the top level hierarchy
Warning (276021): Created node "MemoryRam" as a single-port RAM by generating altsyncram megafunction to implement register logic. Power-up values at the outputs of the RAM are different from the original design. File: D:/MIPS/Arquitetura-Mips/MIPS/DataMemory/datamemory.v Line: 9
Info (19000): Inferred 1 megafunctions from design logic
    Info (276029): Inferred altsyncram megafunction from the following design logic: "MemoryRam_rtl_0" 
        Info (286033): Parameter OPERATION_MODE set to SINGLE_PORT
        Info (286033): Parameter WIDTH_A set to 32
        Info (286033): Parameter WIDTHAD_A set to 10
        Info (286033): Parameter NUMWORDS_A set to 1024
        Info (286033): Parameter OUTDATA_REG_A set to UNREGISTERED
        Info (286033): Parameter ADDRESS_ACLR_A set to NONE
        Info (286033): Parameter OUTDATA_ACLR_A set to NONE
        Info (286033): Parameter INDATA_ACLR_A set to NONE
        Info (286033): Parameter WRCONTROL_ACLR_A set to NONE
        Info (286033): Parameter INIT_FILE set to db/datamemory.ram0_datamemory_1d545f57.hdl.mif
Info (12130): Elaborated megafunction instantiation "altsyncram:MemoryRam_rtl_0"
Info (12133): Instantiated megafunction "altsyncram:MemoryRam_rtl_0" with the following parameter:
    Info (12134): Parameter "OPERATION_MODE" = "SINGLE_PORT"
    Info (12134): Parameter "WIDTH_A" = "32"
    Info (12134): Parameter "WIDTHAD_A" = "10"
    Info (12134): Parameter "NUMWORDS_A" = "1024"
    Info (12134): Parameter "OUTDATA_REG_A" = "UNREGISTERED"
    Info (12134): Parameter "ADDRESS_ACLR_A" = "NONE"
    Info (12134): Parameter "OUTDATA_ACLR_A" = "NONE"
    Info (12134): Parameter "INDATA_ACLR_A" = "NONE"
    Info (12134): Parameter "WRCONTROL_ACLR_A" = "NONE"
    Info (12134): Parameter "INIT_FILE" = "db/datamemory.ram0_datamemory_1d545f57.hdl.mif"
Info (12021): Found 1 design units, including 1 entities, in source file db/altsyncram_ps91.tdf
    Info (12023): Found entity 1: altsyncram_ps91 File: D:/MIPS/Arquitetura-Mips/MIPS/DataMemory/db/altsyncram_ps91.tdf Line: 27
Info (286030): Timing-Driven Synthesis is running
Info (16010): Generating hard_block partition "hard_block:auto_generated_inst"
    Info (16011): Adding 0 node(s), including 0 DDIO, 0 PLL, 0 transceiver and 0 LCELL
Info (21057): Implemented 179 device resources after synthesis - the final resource count might be different
    Info (21058): Implemented 45 input pins
    Info (21059): Implemented 32 output pins
    Info (21061): Implemented 70 logic cells
    Info (21064): Implemented 32 RAM segments
Info: Quartus Prime Analysis & Synthesis was successful. 0 errors, 2 warnings
    Info: Peak virtual memory: 4827 megabytes
    Info: Processing ended: Tue Jul 19 04:37:49 2022
    Info: Elapsed time: 00:00:40
    Info: Total CPU time (on all processors): 00:01:14


