Flow report for Multiplicador
Wed Jul 20 22:29:36 2022
Quartus Prime Version 18.1.0 Build 625 09/12/2018 SJ Lite Edition


---------------------
; Table of Contents ;
---------------------
  1. Legal Notice
  2. Flow Summary
  3. Flow Settings
  4. Flow Non-Default Global Settings
  5. Flow Elapsed Time
  6. Flow OS Summary
  7. Flow Log
  8. Flow Messages
  9. Flow Suppressed Messages



----------------
; Legal Notice ;
----------------
Copyright (C) 2018  Intel Corporation. All rights reserved.
Your use of Intel Corporation's design tools, logic functions 
and other software and tools, and its AMPP partner logic 
functions, and any output files from any of the foregoing 
(including device programming or simulation files), and any 
associated documentation or information are expressly subject 
to the terms and conditions of the Intel Program License 
Subscription Agreement, the Intel Quartus Prime License Agreement,
the Intel FPGA IP License Agreement, or other applicable license
agreement, including, without limitation, that your use is for
the sole purpose of programming logic devices manufactured by
Intel and sold by Intel or its authorized distributors.  Please
refer to the applicable agreement for further details.



+----------------------------------------------------------------------------------+
; Flow Summary                                                                     ;
+------------------------------------+---------------------------------------------+
; Flow Status                        ; Successful - Wed Jul 20 22:29:36 2022       ;
; Quartus Prime Version              ; 18.1.0 Build 625 09/12/2018 SJ Lite Edition ;
; Revision Name                      ; Multiplicador                               ;
; Top-level Entity Name              ; Multiplicador                               ;
; Family                             ; Cyclone IV GX                               ;
; Device                             ; EP4CGX150DF31I7AD                           ;
; Timing Models                      ; Final                                       ;
; Total logic elements               ; 68 / 149,760 ( < 1 % )                      ;
;     Total combinational functions  ; 67 / 149,760 ( < 1 % )                      ;
;     Dedicated logic registers      ; 43 / 149,760 ( < 1 % )                      ;
; Total registers                    ; 43                                          ;
; Total pins                         ; 69 / 508 ( 14 % )                           ;
; Total virtual pins                 ; 0                                           ;
; Total memory bits                  ; 0 / 6,635,520 ( 0 % )                       ;
; Embedded Multiplier 9-bit elements ; 0 / 720 ( 0 % )                             ;
; Total GXB Receiver Channel PCS     ; 0 / 8 ( 0 % )                               ;
; Total GXB Receiver Channel PMA     ; 0 / 8 ( 0 % )                               ;
; Total GXB Transmitter Channel PCS  ; 0 / 8 ( 0 % )                               ;
; Total GXB Transmitter Channel PMA  ; 0 / 8 ( 0 % )                               ;
; Total PLLs                         ; 0 / 8 ( 0 % )                               ;
+------------------------------------+---------------------------------------------+


+-----------------------------------------+
; Flow Settings                           ;
+-------------------+---------------------+
; Option            ; Setting             ;
+-------------------+---------------------+
; Start date & time ; 07/20/2022 22:28:43 ;
; Main task         ; Compilation         ;
; Revision Name     ; Multiplicador       ;
+-------------------+---------------------+


+--------------------------------------------------------------------------------------------------------------------------------+
; Flow Non-Default Global Settings                                                                                               ;
+--------------------------------------+----------------------------------------+---------------+-------------+------------------+
; Assignment Name                      ; Value                                  ; Default Value ; Entity Name ; Section Id       ;
+--------------------------------------+----------------------------------------+---------------+-------------+------------------+
; COMPILER_SIGNATURE_ID                ; 13374259604776.165836692218380         ; --            ; --          ; --               ;
; EDA_DESIGN_INSTANCE_NAME             ; NA                                     ; --            ; --          ; Multiplicador_TB ;
; EDA_NATIVELINK_SIMULATION_TEST_BENCH ; Multiplicador_TB                       ; --            ; --          ; eda_simulation   ;
; EDA_OUTPUT_DATA_FORMAT               ; Verilog Hdl                            ; --            ; --          ; eda_simulation   ;
; EDA_SIMULATION_TOOL                  ; ModelSim-Altera (Verilog)              ; <None>        ; --          ; --               ;
; EDA_TEST_BENCH_ENABLE_STATUS         ; TEST_BENCH_MODE                        ; --            ; --          ; eda_simulation   ;
; EDA_TEST_BENCH_FILE                  ; Multiplicador_TB.v                     ; --            ; --          ; Multiplicador_TB ;
; EDA_TEST_BENCH_MODULE_NAME           ; Multiplicador_TB                       ; --            ; --          ; Multiplicador_TB ;
; EDA_TEST_BENCH_NAME                  ; Multiplicador_TB                       ; --            ; --          ; eda_simulation   ;
; EDA_TIME_SCALE                       ; 1 ps                                   ; --            ; --          ; eda_simulation   ;
; MAX_CORE_JUNCTION_TEMP               ; 100                                    ; --            ; --          ; --               ;
; MIN_CORE_JUNCTION_TEMP               ; -40                                    ; --            ; --          ; --               ;
; PARTITION_COLOR                      ; -- (Not supported for targeted family) ; --            ; --          ; Top              ;
; PARTITION_FITTER_PRESERVATION_LEVEL  ; -- (Not supported for targeted family) ; --            ; --          ; Top              ;
; PARTITION_NETLIST_TYPE               ; -- (Not supported for targeted family) ; --            ; --          ; Top              ;
; POWER_BOARD_THERMAL_MODEL            ; None (CONSERVATIVE)                    ; --            ; --          ; --               ;
; POWER_PRESET_COOLING_SOLUTION        ; 23 MM HEAT SINK WITH 200 LFPM AIRFLOW  ; --            ; --          ; --               ;
; PROJECT_OUTPUT_DIRECTORY             ; output_files                           ; --            ; --          ; --               ;
+--------------------------------------+----------------------------------------+---------------+-------------+------------------+


+--------------------------------------------------------------------------------------------------------------------------+
; Flow Elapsed Time                                                                                                        ;
+----------------------+--------------+-------------------------+---------------------+------------------------------------+
; Module Name          ; Elapsed Time ; Average Processors Used ; Peak Virtual Memory ; Total CPU Time (on all processors) ;
+----------------------+--------------+-------------------------+---------------------+------------------------------------+
; Analysis & Synthesis ; 00:00:13     ; 1.0                     ; 4835 MB             ; 00:00:26                           ;
; Fitter               ; 00:00:26     ; 1.0                     ; 5829 MB             ; 00:00:37                           ;
; Assembler            ; 00:00:05     ; 1.0                     ; 4751 MB             ; 00:00:05                           ;
; Timing Analyzer      ; 00:00:04     ; 1.0                     ; 4863 MB             ; 00:00:03                           ;
; EDA Netlist Writer   ; 00:00:01     ; 1.0                     ; 4718 MB             ; 00:00:01                           ;
; Total                ; 00:00:49     ; --                      ; --                  ; 00:01:12                           ;
+----------------------+--------------+-------------------------+---------------------+------------------------------------+


+------------------------------------------------------------------------------------+
; Flow OS Summary                                                                    ;
+----------------------+------------------+------------+------------+----------------+
; Module Name          ; Machine Hostname ; OS Name    ; OS Version ; Processor type ;
+----------------------+------------------+------------+------------+----------------+
; Analysis & Synthesis ; DESKTOP-H68LC3I  ; Windows 10 ; 10.0       ; x86_64         ;
; Fitter               ; DESKTOP-H68LC3I  ; Windows 10 ; 10.0       ; x86_64         ;
; Assembler            ; DESKTOP-H68LC3I  ; Windows 10 ; 10.0       ; x86_64         ;
; Timing Analyzer      ; DESKTOP-H68LC3I  ; Windows 10 ; 10.0       ; x86_64         ;
; EDA Netlist Writer   ; DESKTOP-H68LC3I  ; Windows 10 ; 10.0       ; x86_64         ;
+----------------------+------------------+------------+------------+----------------+


------------
; Flow Log ;
------------
quartus_map --read_settings_files=on --write_settings_files=off Multiplicador -c Multiplicador
quartus_fit --read_settings_files=off --write_settings_files=off Multiplicador -c Multiplicador
quartus_asm --read_settings_files=off --write_settings_files=off Multiplicador -c Multiplicador
quartus_sta Multiplicador -c Multiplicador
quartus_eda --read_settings_files=off --write_settings_files=off Multiplicador -c Multiplicador



